<?xml version="1.0" encoding="UTF-8"?>
<testsuite name="com.example.demokotlin.DemoKotlinApplicationTests" tests="1" skipped="0" failures="0" errors="0" timestamp="2022-09-08T18:11:16" hostname="MacBook-Pro.attlocal.net" time="1.022">
  <properties/>
  <testcase name="contextLoads()" classname="com.example.demokotlin.DemoKotlinApplicationTests" time="1.022"/>
  <system-out><![CDATA[13:11:11.770 [Test worker] DEBUG org.springframework.test.context.BootstrapUtils - Instantiating CacheAwareContextLoaderDelegate from class [org.springframework.test.context.cache.DefaultCacheAwareContextLoaderDelegate]
13:11:11.790 [Test worker] DEBUG org.springframework.test.context.BootstrapUtils - Instantiating BootstrapContext using constructor [public org.springframework.test.context.support.DefaultBootstrapContext(java.lang.Class,org.springframework.test.context.CacheAwareContextLoaderDelegate)]
13:11:11.885 [Test worker] DEBUG org.springframework.test.context.BootstrapUtils - Instantiating TestContextBootstrapper for test class [com.example.demokotlin.DemoKotlinApplicationTests] from class [org.springframework.boot.test.context.SpringBootTestContextBootstrapper]
13:11:11.925 [Test worker] INFO org.springframework.boot.test.context.SpringBootTestContextBootstrapper - Neither @ContextConfiguration nor @ContextHierarchy found for test class [com.example.demokotlin.DemoKotlinApplicationTests], using SpringBootContextLoader
13:11:11.933 [Test worker] DEBUG org.springframework.test.context.support.AbstractContextLoader - Did not detect default resource location for test class [com.example.demokotlin.DemoKotlinApplicationTests]: class path resource [com/example/demokotlin/DemoKotlinApplicationTests-context.xml] does not exist
13:11:11.938 [Test worker] DEBUG org.springframework.test.context.support.AbstractContextLoader - Did not detect default resource location for test class [com.example.demokotlin.DemoKotlinApplicationTests]: class path resource [com/example/demokotlin/DemoKotlinApplicationTestsContext.groovy] does not exist
13:11:11.939 [Test worker] INFO org.springframework.test.context.support.AbstractContextLoader - Could not detect default resource locations for test class [com.example.demokotlin.DemoKotlinApplicationTests]: no resource found for suffixes {-context.xml, Context.groovy}.
13:11:11.942 [Test worker] INFO org.springframework.test.context.support.AnnotationConfigContextLoaderUtils - Could not detect default configuration classes for test class [com.example.demokotlin.DemoKotlinApplicationTests]: DemoKotlinApplicationTests does not declare any static, non-private, non-final, nested classes annotated with @Configuration.
13:11:12.090 [Test worker] DEBUG org.springframework.test.context.support.ActiveProfilesUtils - Could not find an 'annotation declaring class' for annotation type [org.springframework.test.context.ActiveProfiles] and class [com.example.demokotlin.DemoKotlinApplicationTests]
13:11:12.293 [Test worker] DEBUG org.springframework.context.annotation.ClassPathScanningCandidateComponentProvider - Identified candidate component class: file [/Users/mayankmaurya/Desktop/git/demo-kotlin/build/classes/kotlin/main/com/example/demokotlin/DemoKotlinApplication.class]
13:11:12.302 [Test worker] INFO org.springframework.boot.test.context.SpringBootTestContextBootstrapper - Found @SpringBootConfiguration com.example.demokotlin.DemoKotlinApplication for test class com.example.demokotlin.DemoKotlinApplicationTests
13:11:12.522 [Test worker] DEBUG org.springframework.boot.test.context.SpringBootTestContextBootstrapper - @TestExecutionListeners is not present for class [com.example.demokotlin.DemoKotlinApplicationTests]: using defaults.
13:11:12.523 [Test worker] INFO org.springframework.boot.test.context.SpringBootTestContextBootstrapper - Loaded default TestExecutionListener class names from location [META-INF/spring.factories]: [org.springframework.boot.test.autoconfigure.restdocs.RestDocsTestExecutionListener, org.springframework.boot.test.autoconfigure.web.client.MockRestServiceServerResetTestExecutionListener, org.springframework.boot.test.autoconfigure.web.servlet.MockMvcPrintOnlyOnFailureTestExecutionListener, org.springframework.boot.test.autoconfigure.web.servlet.WebDriverTestExecutionListener, org.springframework.boot.test.autoconfigure.webservices.client.MockWebServiceServerTestExecutionListener, org.springframework.boot.test.mock.mockito.MockitoTestExecutionListener, org.springframework.boot.test.mock.mockito.ResetMocksTestExecutionListener, org.springframework.test.context.web.ServletTestExecutionListener, org.springframework.test.context.support.DirtiesContextBeforeModesTestExecutionListener, org.springframework.test.context.event.ApplicationEventsTestExecutionListener, org.springframework.test.context.support.DependencyInjectionTestExecutionListener, org.springframework.test.context.support.DirtiesContextTestExecutionListener, org.springframework.test.context.transaction.TransactionalTestExecutionListener, org.springframework.test.context.jdbc.SqlScriptsTestExecutionListener, org.springframework.test.context.event.EventPublishingTestExecutionListener]
13:11:12.546 [Test worker] DEBUG org.springframework.boot.test.context.SpringBootTestContextBootstrapper - Skipping candidate TestExecutionListener [org.springframework.test.context.web.ServletTestExecutionListener] due to a missing dependency. Specify custom listener classes or make the default listener classes and their required dependencies available. Offending class: [javax/servlet/ServletContext]
13:11:12.550 [Test worker] DEBUG org.springframework.boot.test.context.SpringBootTestContextBootstrapper - Skipping candidate TestExecutionListener [org.springframework.test.context.transaction.TransactionalTestExecutionListener] due to a missing dependency. Specify custom listener classes or make the default listener classes and their required dependencies available. Offending class: [org/springframework/transaction/interceptor/TransactionAttributeSource]
13:11:12.551 [Test worker] DEBUG org.springframework.boot.test.context.SpringBootTestContextBootstrapper - Skipping candidate TestExecutionListener [org.springframework.test.context.jdbc.SqlScriptsTestExecutionListener] due to a missing dependency. Specify custom listener classes or make the default listener classes and their required dependencies available. Offending class: [org/springframework/transaction/interceptor/TransactionAttribute]
13:11:12.552 [Test worker] INFO org.springframework.boot.test.context.SpringBootTestContextBootstrapper - Using TestExecutionListeners: [org.springframework.test.context.support.DirtiesContextBeforeModesTestExecutionListener@cb191ca, org.springframework.test.context.event.ApplicationEventsTestExecutionListener@42f48531, org.springframework.boot.test.mock.mockito.MockitoTestExecutionListener@a776e, org.springframework.boot.test.autoconfigure.SpringBootDependencyInjectionTestExecutionListener@792bbc74, org.springframework.test.context.support.DirtiesContextTestExecutionListener@79145d5a, org.springframework.test.context.event.EventPublishingTestExecutionListener@1f2f9244, org.springframework.boot.test.autoconfigure.restdocs.RestDocsTestExecutionListener@4c4d27c8, org.springframework.boot.test.autoconfigure.web.client.MockRestServiceServerResetTestExecutionListener@6821ea29, org.springframework.boot.test.autoconfigure.web.servlet.MockMvcPrintOnlyOnFailureTestExecutionListener@338494fa, org.springframework.boot.test.autoconfigure.web.servlet.WebDriverTestExecutionListener@505a9d7c, org.springframework.boot.test.autoconfigure.webservices.client.MockWebServiceServerTestExecutionListener@758c83d8, org.springframework.boot.test.mock.mockito.ResetMocksTestExecutionListener@129b4fe2]
13:11:12.559 [Test worker] DEBUG org.springframework.test.context.support.AbstractDirtiesContextTestExecutionListener - Before test class: context [DefaultTestContext@4b672daa testClass = DemoKotlinApplicationTests, testInstance = [null], testMethod = [null], testException = [null], mergedContextConfiguration = [MergedContextConfiguration@ea9b7c6 testClass = DemoKotlinApplicationTests, locations = '{}', classes = '{class com.example.demokotlin.DemoKotlinApplication}', contextInitializerClasses = '[]', activeProfiles = '{}', propertySourceLocations = '{}', propertySourceProperties = '{org.springframework.boot.test.context.SpringBootTestContextBootstrapper=true}', contextCustomizers = set[org.springframework.boot.test.autoconfigure.actuate.metrics.MetricsExportContextCustomizerFactory$DisableMetricExportContextCustomizer@45a37759, org.springframework.boot.test.autoconfigure.properties.PropertyMappingContextCustomizer@0, org.springframework.boot.test.autoconfigure.web.servlet.WebDriverContextCustomizerFactory$Customizer@42530531, org.springframework.boot.test.context.filter.ExcludeFilterContextCustomizer@6bc407fd, org.springframework.boot.test.json.DuplicateJsonObjectContextCustomizerFactory$DuplicateJsonObjectContextCustomizer@5ddcc487, org.springframework.boot.test.mock.mockito.MockitoContextCustomizer@0, org.springframework.boot.test.web.client.TestRestTemplateContextCustomizer@65b104b9, org.springframework.boot.test.context.SpringBootTestArgs@1, org.springframework.boot.test.context.SpringBootTestWebEnvironment@c0c2f8d], contextLoader = 'org.springframework.boot.test.context.SpringBootContextLoader', parent = [null]], attributes = map[[empty]]], class annotated with @DirtiesContext [false] with mode [null].
13:11:12.608 [Test worker] DEBUG org.springframework.test.context.support.DependencyInjectionTestExecutionListener - Performing dependency injection for test context [[DefaultTestContext@4b672daa testClass = DemoKotlinApplicationTests, testInstance = com.example.demokotlin.DemoKotlinApplicationTests@3b220bcb, testMethod = [null], testException = [null], mergedContextConfiguration = [MergedContextConfiguration@ea9b7c6 testClass = DemoKotlinApplicationTests, locations = '{}', classes = '{class com.example.demokotlin.DemoKotlinApplication}', contextInitializerClasses = '[]', activeProfiles = '{}', propertySourceLocations = '{}', propertySourceProperties = '{org.springframework.boot.test.context.SpringBootTestContextBootstrapper=true}', contextCustomizers = set[org.springframework.boot.test.autoconfigure.actuate.metrics.MetricsExportContextCustomizerFactory$DisableMetricExportContextCustomizer@45a37759, org.springframework.boot.test.autoconfigure.properties.PropertyMappingContextCustomizer@0, org.springframework.boot.test.autoconfigure.web.servlet.WebDriverContextCustomizerFactory$Customizer@42530531, org.springframework.boot.test.context.filter.ExcludeFilterContextCustomizer@6bc407fd, org.springframework.boot.test.json.DuplicateJsonObjectContextCustomizerFactory$DuplicateJsonObjectContextCustomizer@5ddcc487, org.springframework.boot.test.mock.mockito.MockitoContextCustomizer@0, org.springframework.boot.test.web.client.TestRestTemplateContextCustomizer@65b104b9, org.springframework.boot.test.context.SpringBootTestArgs@1, org.springframework.boot.test.context.SpringBootTestWebEnvironment@c0c2f8d], contextLoader = 'org.springframework.boot.test.context.SpringBootContextLoader', parent = [null]], attributes = map['org.springframework.test.context.event.ApplicationEventsTestExecutionListener.recordApplicationEvents' -> false]]].

  .   ____          _            __ _ _
 /\\ / ___'_ __ _ _(_)_ __  __ _ \ \ \ \
( ( )\___ | '_ | '_| | '_ \/ _` | \ \ \ \
 \\/  ___)| |_)| | | | | || (_| |  ) ) ) )
  '  |____| .__|_| |_|_| |_\__, | / / / /
 =========|_|==============|___/=/_/_/_/
 :: Spring Boot ::               (v2.6.11)

2022-09-08 13:11:13.616  INFO 64953 --- [    Test worker] c.e.d.DemoKotlinApplicationTests         : Starting DemoKotlinApplicationTests using Java 12.0.1 on MacBook-Pro.attlocal.net with PID 64953 (started by mayankmaurya in /Users/mayankmaurya/Desktop/git/demo-kotlin)
2022-09-08 13:11:13.618  INFO 64953 --- [    Test worker] c.e.d.DemoKotlinApplicationTests         : No active profile set, falling back to 1 default profile: "default"
2022-09-08 13:11:15.165  INFO 64953 --- [    Test worker] c.e.d.DemoKotlinApplicationTests         : Started DemoKotlinApplicationTests in 2.456 seconds (JVM running for 5.645)
]]></system-out>
  <system-err><![CDATA[]]></system-err>
</testsuite>
